* using log directory 'D:/JianGuoYun/Program/qPCRtools/qPCRtools.Rcheck'
* using R version 4.1.3 (2022-03-10)
* using platform: x86_64-w64-mingw32 (64-bit)
* using session charset: CP936
* using option '--as-cran'
* checking for file 'qPCRtools/DESCRIPTION' ... OK
* this is package 'qPCRtools' version '0.1.1'
* checking CRAN incoming feasibility ... WARNING
Maintainer: 'Xiang LI <lixiang117423@gmail.com>'

Insufficient package version (submitted: 0.1.1, existing: 0.1.1)

No package encoding and non-ASCII characters in the following R files:
  R/CalExp2ddCt.R
    149:       # <e5><88><a4><e6><96><ad><e7><9b><ae><e7><9a><84><e5><9f><ba><e5><9b><a0><e6><98><af><e5><90><a6><e5><9c><a8><e9><87><8c><e9><9d><a2>

The Description field should start with a capital letter.
* checking package namespace information ... OK
* checking package dependencies ... OK
* checking if this is a source package ... OK
* checking if there is a namespace ... OK
* checking for executable files ... OK
* checking for hidden files and directories ... OK
* checking for portable file names ... OK
* checking serialization versions ... OK
* checking whether package 'qPCRtools' can be installed ... OK
* checking installed package size ... OK
* checking package directory ... OK
* checking for future file timestamps ... OK
* checking DESCRIPTION meta-information ... OK
* checking top-level files ... OK
* checking for left-over files ... OK
* checking index information ... OK
* checking package subdirectories ... OK
* checking R files for non-ASCII characters ... OK
* checking R files for syntax errors ... OK
* checking whether the package can be loaded ... OK
* checking whether the package can be loaded with stated dependencies ... OK
* checking whether the package can be unloaded cleanly ... OK
* checking whether the namespace can be loaded with stated dependencies ... OK
* checking whether the namespace can be unloaded cleanly ... OK
* checking use of S3 registration ... OK
* checking dependencies in R code ... OK
* checking S3 generic/method consistency ... OK
* checking replacement functions ... OK
* checking foreign function calls ... OK
* checking R code for possible problems ... OK
* checking Rd files ... OK
* checking Rd metadata ... OK
* checking Rd line widths ... OK
* checking Rd cross-references ... OK
* checking for missing documentation entries ... OK
* checking for code/documentation mismatches ... OK
* checking Rd \usage sections ... OK
* checking Rd contents ... OK
* checking for unstated dependencies in examples ... OK
* checking examples ... OK
* checking PDF version of manual ... OK
* checking for non-standard things in the check directory ... OK
* checking for detritus in the temp directory ... OK
* DONE
Status: 1 WARNING
