This is pdfTeX, Version 3.14159265-2.6-1.40.20 (TeX Live 2019/W32TeX) (preloaded format=pdflatex 2020.3.3)  15 AUG 2022 11:21
entering extended mode
 restricted \write18 enabled.
 %&-line parsing enabled.
**Rd2.tex
(./Rd2.tex
LaTeX2e <2020-02-02> patch level 5
L3 programming layer <2020-02-25>
(c:/Users/xiang/AppData/Roaming/TinyTeX/texmf-dist/tex/latex/base/book.cls
Document Class: book 2019/12/20 v1.4l Standard LaTeX document class
(c:/Users/xiang/AppData/Roaming/TinyTeX/texmf-dist/tex/latex/base/bk10.clo
File: bk10.clo 2019/12/20 v1.4l Standard LaTeX file (size option)
)
\c@part=\count167
\c@chapter=\count168
\c@section=\count169
\c@subsection=\count170
\c@subsubsection=\count171
\c@paragraph=\count172
\c@subparagraph=\count173
\c@figure=\count174
\c@table=\count175
\abovecaptionskip=\skip47
\belowcaptionskip=\skip48
\bibindent=\dimen134
)
(d:/R/R-4.1.3/share/texmf/tex/latex/Rd.sty
Package: Rd 

(c:/Users/xiang/AppData/Roaming/TinyTeX/texmf-dist/tex/latex/base/ifthen.sty
Package: ifthen 2014/09/29 v1.1c Standard LaTeX ifthen package (DPC)
)
(c:/Users/xiang/AppData/Roaming/TinyTeX/texmf-dist/tex/latex/tools/longtable.st
y
Package: longtable 2020/01/07 v4.13 Multi-page Table package (DPC)
\LTleft=\skip49
\LTright=\skip50
\LTpre=\skip51
\LTpost=\skip52
\LTchunksize=\count176
\LTcapwidth=\dimen135
\LT@head=\box45
\LT@firsthead=\box46
\LT@foot=\box47
\LT@lastfoot=\box48
\LT@cols=\count177
\LT@rows=\count178
\c@LT@tables=\count179
\c@LT@chunks=\count180
\LT@p@ftn=\toks15
) (c:/Users/xiang/AppData/Roaming/TinyTeX/texmf-dist/tex/latex/tools/bm.sty
Package: bm 2019/07/24 v1.2d Bold Symbol Support (DPC/FMi)
\symboldoperators=\mathgroup4
\symboldletters=\mathgroup5
\symboldsymbols=\mathgroup6
LaTeX Font Info:    Redeclaring math alphabet \mathbf on input line 141.
LaTeX Info: Redefining \bm on input line 209.
)
(c:/Users/xiang/AppData/Roaming/TinyTeX/texmf-dist/tex/latex/base/alltt.sty
Package: alltt 1997/06/16 v2.0g defines alltt environment
)
(c:/Users/xiang/AppData/Roaming/TinyTeX/texmf-dist/tex/latex/tools/verbatim.sty
Package: verbatim 2019/11/10 v1.5r LaTeX2e package for verbatim enhancements
\every@verbatim=\toks16
\verbatim@line=\toks17
\verbatim@in@stream=\read2
) (c:/Users/xiang/AppData/Roaming/TinyTeX/texmf-dist/tex/latex/url/url.sty
\Urlmuskip=\muskip16
Package: url 2013/09/16  ver 3.4  Verb mode for urls, etc.
)
(c:/Users/xiang/AppData/Roaming/TinyTeX/texmf-dist/tex/latex/base/textcomp.sty
Package: textcomp 2020/02/02 v2.0n Standard LaTeX package
)
\ldescriptionwidth=\skip53

(c:/Users/xiang/AppData/Roaming/TinyTeX/texmf-dist/tex/latex/inconsolata/zi4.st
y
Package: zi4 2019/05/17 v1.12
 `inconsolata-zi4' v1.12, 2019/05/17 Text macros for Inconsolata (msharpe)
(c:/Users/xiang/AppData/Roaming/TinyTeX/texmf-dist/tex/latex/xkeyval/xkeyval.st
y
Package: xkeyval 2014/12/03 v2.7a package option processing (HA)

(c:/Users/xiang/AppData/Roaming/TinyTeX/texmf-dist/tex/generic/xkeyval/xkeyval.
tex
(c:/Users/xiang/AppData/Roaming/TinyTeX/texmf-dist/tex/generic/xkeyval/xkvutils
.tex
\XKV@toks=\toks18
\XKV@tempa@toks=\toks19

(c:/Users/xiang/AppData/Roaming/TinyTeX/texmf-dist/tex/generic/xkeyval/keyval.t
ex))
\XKV@depth=\count181
File: xkeyval.tex 2014/12/03 v2.7a key=value parser (HA)
))
\zifour@ocount=\count182
)
(c:/Users/xiang/AppData/Roaming/TinyTeX/texmf-dist/tex/latex/graphics/color.sty
Package: color 2019/11/23 v1.2a Standard LaTeX Color (DPC)

(c:/Users/xiang/AppData/Roaming/TinyTeX/texmf-dist/tex/latex/graphics-cfg/color
.cfg
File: color.cfg 2016/01/02 v1.6 sample color configuration
)
Package color Info: Driver file: pdftex.def on input line 147.

(c:/Users/xiang/AppData/Roaming/TinyTeX/texmf-dist/tex/latex/graphics-def/pdfte
x.def
File: pdftex.def 2018/01/08 v1.0l Graphics/color driver for pdftex
))
(c:/Users/xiang/AppData/Roaming/TinyTeX/texmf-dist/tex/latex/hyperref/hyperref.
sty
Package: hyperref 2020/01/14 v7.00d Hypertext links for LaTeX

(c:/Users/xiang/AppData/Roaming/TinyTeX/texmf-dist/tex/generic/ltxcmds/ltxcmds.
sty
Package: ltxcmds 2019/12/15 v1.24 LaTeX kernel commands for general use (HO)
)
(c:/Users/xiang/AppData/Roaming/TinyTeX/texmf-dist/tex/generic/iftex/iftex.sty
Package: iftex 2019/11/07 v1.0c TeX engine tests
)
(c:/Users/xiang/AppData/Roaming/TinyTeX/texmf-dist/tex/latex/pdftexcmds/pdftexc
mds.sty
Package: pdftexcmds 2019/11/24 v0.31 Utility functions of pdfTeX for LuaTeX (HO
)

(c:/Users/xiang/AppData/Roaming/TinyTeX/texmf-dist/tex/generic/infwarerr/infwar
err.sty
Package: infwarerr 2019/12/03 v1.5 Providing info/warning/error messages (HO)
)
Package pdftexcmds Info: \pdf@primitive is available.
Package pdftexcmds Info: \pdf@ifprimitive is available.
Package pdftexcmds Info: \pdfdraftmode found.
)
(c:/Users/xiang/AppData/Roaming/TinyTeX/texmf-dist/tex/generic/kvsetkeys/kvsetk
eys.sty
Package: kvsetkeys 2019/12/15 v1.18 Key value parser (HO)
)
(c:/Users/xiang/AppData/Roaming/TinyTeX/texmf-dist/tex/generic/kvdefinekeys/kvd
efinekeys.sty
Package: kvdefinekeys 2019-12-19 v1.6 Define keys (HO)
)
(c:/Users/xiang/AppData/Roaming/TinyTeX/texmf-dist/tex/generic/pdfescape/pdfesc
ape.sty
Package: pdfescape 2019/12/09 v1.15 Implements pdfTeX's escape features (HO)
)
(c:/Users/xiang/AppData/Roaming/TinyTeX/texmf-dist/tex/latex/hycolor/hycolor.st
y
Package: hycolor 2020-01-27 v1.10 Color options for hyperref/bookmark (HO)
)
(c:/Users/xiang/AppData/Roaming/TinyTeX/texmf-dist/tex/latex/letltxmacro/letltx
macro.sty
Package: letltxmacro 2019/12/03 v1.6 Let assignment for LaTeX macros (HO)
)
(c:/Users/xiang/AppData/Roaming/TinyTeX/texmf-dist/tex/latex/auxhook/auxhook.st
y
Package: auxhook 2019-12-17 v1.6 Hooks for auxiliary files (HO)
)
(c:/Users/xiang/AppData/Roaming/TinyTeX/texmf-dist/tex/latex/kvoptions/kvoption
s.sty
Package: kvoptions 2019/11/29 v3.13 Key value format for package options (HO)
)
\@linkdim=\dimen136
\Hy@linkcounter=\count183
\Hy@pagecounter=\count184

(c:/Users/xiang/AppData/Roaming/TinyTeX/texmf-dist/tex/latex/hyperref/pd1enc.de
f
File: pd1enc.def 2020/01/14 v7.00d Hyperref: PDFDocEncoding definition (HO)
Now handling font encoding PD1 ...
... no UTF-8 mapping file for font encoding PD1
)
(c:/Users/xiang/AppData/Roaming/TinyTeX/texmf-dist/tex/generic/intcalc/intcalc.
sty
Package: intcalc 2019/12/15 v1.3 Expandable calculations with integers (HO)
)
(c:/Users/xiang/AppData/Roaming/TinyTeX/texmf-dist/tex/generic/etexcmds/etexcmd
s.sty
Package: etexcmds 2019/12/15 v1.7 Avoid name clashes with e-TeX commands (HO)
)
\Hy@SavedSpaceFactor=\count185
\pdfmajorversion=\count186
Package hyperref Info: Hyper figures OFF on input line 4547.
Package hyperref Info: Link nesting OFF on input line 4552.
Package hyperref Info: Hyper index ON on input line 4555.
Package hyperref Info: Plain pages OFF on input line 4562.
Package hyperref Info: Backreferencing OFF on input line 4567.
Package hyperref Info: Implicit mode ON; LaTeX internals redefined.
Package hyperref Info: Bookmarks ON on input line 4800.
\c@Hy@tempcnt=\count187
LaTeX Info: Redefining \url on input line 5159.
\XeTeXLinkMargin=\dimen137

(c:/Users/xiang/AppData/Roaming/TinyTeX/texmf-dist/tex/generic/bitset/bitset.st
y
Package: bitset 2019/12/09 v1.3 Handle bit-vector datatype (HO)

(c:/Users/xiang/AppData/Roaming/TinyTeX/texmf-dist/tex/generic/bigintcalc/bigin
tcalc.sty
Package: bigintcalc 2019/12/15 v1.5 Expandable calculations on big integers (HO
)
))
\Fld@menulength=\count188
\Field@Width=\dimen138
\Fld@charsize=\dimen139
Package hyperref Info: Hyper figures OFF on input line 6430.
Package hyperref Info: Link nesting OFF on input line 6435.
Package hyperref Info: Hyper index ON on input line 6438.
Package hyperref Info: backreferencing OFF on input line 6445.
Package hyperref Info: Link coloring OFF on input line 6450.
Package hyperref Info: Link coloring with OCG OFF on input line 6455.
Package hyperref Info: PDF/A mode OFF on input line 6460.
LaTeX Info: Redefining \ref on input line 6500.
LaTeX Info: Redefining \pageref on input line 6504.

(c:/Users/xiang/AppData/Roaming/TinyTeX/texmf-dist/tex/generic/atbegshi/atbegsh
i.sty
Package: atbegshi 2019/12/05 v1.19 At begin shipout hook (HO)
)
\Hy@abspage=\count189
\c@Item=\count190
\c@Hfootnote=\count191
)
Package hyperref Info: Driver (autodetected): hpdftex.

(c:/Users/xiang/AppData/Roaming/TinyTeX/texmf-dist/tex/latex/hyperref/hpdftex.d
ef
File: hpdftex.def 2020/01/14 v7.00d Hyperref driver for pdfTeX

(c:/Users/xiang/AppData/Roaming/TinyTeX/texmf-dist/tex/latex/atveryend/atveryen
d.sty
Package: atveryend 2019-12-11 v1.11 Hooks at the very end of document (HO)
Package atveryend Info: \enddocument detected (standard20110627).
)
\Fld@listcount=\count192
\c@bookmark@seq@number=\count193

(c:/Users/xiang/AppData/Roaming/TinyTeX/texmf-dist/tex/latex/rerunfilecheck/rer
unfilecheck.sty
Package: rerunfilecheck 2019/12/05 v1.9 Rerun checks for auxiliary files (HO)

(c:/Users/xiang/AppData/Roaming/TinyTeX/texmf-dist/tex/generic/uniquecounter/un
iquecounter.sty
Package: uniquecounter 2019/12/15 v1.4 Provide unlimited unique counter (HO)
)
Package uniquecounter Info: New unique counter `rerunfilecheck' on input line 2
86.
)
\Hy@SectionHShift=\skip54
)

Package hyperref Warning: Option `hyperindex' has already been used,
(hyperref)                setting the option has no effect on input line 378.

Package hyperref Info: Option `colorlinks' set `true' on input line 378.

Package hyperref Warning: Option `pagebackref' has already been used,
(hyperref)                setting the option has no effect on input line 378.

Package hyperref Info: Option `linktocpage' set `true' on input line 378.
Package hyperref Info: Option `plainpages' set `false' on input line 378.
) (c:/Users/xiang/AppData/Roaming/TinyTeX/texmf-dist/tex/latex/base/makeidx.sty
Package: makeidx 2014/09/29 v1.0m Standard LaTeX package
)
(c:/Users/xiang/AppData/Roaming/TinyTeX/texmf-dist/tex/latex/base/inputenc.sty
Package: inputenc 2018/08/11 v1.3c Input encoding file
\inpenc@prehook=\toks20
\inpenc@posthook=\toks21

(c:/Users/xiang/AppData/Roaming/TinyTeX/texmf-dist/tex/latex/base/latin1.def
File: latin1.def 2018/08/11 v1.3c Input encoding file
))
\@indexfile=\write3
\openout3 = `Rd2.idx'.


Writing index file Rd2.idx

(c:/Users/xiang/AppData/Roaming/TinyTeX/texmf-dist/tex/latex/l3backend/l3backen
d-pdfmode.def
File: l3backend-pdfmode.def 2020-02-23 L3 backend support: PDF mode
\l__kernel_color_stack_int=\count194
\l__pdf_internal_box=\box49
) (./Rd2.aux)
\openout1 = `Rd2.aux'.

LaTeX Font Info:    Checking defaults for OML/cmm/m/it on input line 8.
LaTeX Font Info:    ... okay on input line 8.
LaTeX Font Info:    Checking defaults for OMS/cmsy/m/n on input line 8.
LaTeX Font Info:    ... okay on input line 8.
LaTeX Font Info:    Checking defaults for OT1/cmr/m/n on input line 8.
LaTeX Font Info:    ... okay on input line 8.
LaTeX Font Info:    Checking defaults for T1/cmr/m/n on input line 8.
LaTeX Font Info:    ... okay on input line 8.
LaTeX Font Info:    Checking defaults for TS1/cmr/m/n on input line 8.
LaTeX Font Info:    ... okay on input line 8.
LaTeX Font Info:    Checking defaults for OMX/cmex/m/n on input line 8.
LaTeX Font Info:    ... okay on input line 8.
LaTeX Font Info:    Checking defaults for U/cmr/m/n on input line 8.
LaTeX Font Info:    ... okay on input line 8.
LaTeX Font Info:    Checking defaults for PD1/pdf/m/n on input line 8.
LaTeX Font Info:    ... okay on input line 8.
\AtBeginShipoutBox=\box50
Package hyperref Info: Link coloring ON on input line 8.

(c:/Users/xiang/AppData/Roaming/TinyTeX/texmf-dist/tex/latex/hyperref/nameref.s
ty
Package: nameref 2019/09/16 v2.46 Cross-referencing by name of section

(c:/Users/xiang/AppData/Roaming/TinyTeX/texmf-dist/tex/latex/refcount/refcount.
sty
Package: refcount 2019/12/15 v3.6 Data extraction from label references (HO)
)
(c:/Users/xiang/AppData/Roaming/TinyTeX/texmf-dist/tex/generic/gettitlestring/g
ettitlestring.sty
Package: gettitlestring 2019/12/15 v1.6 Cleanup title references (HO)
)
\c@section@level=\count195
)
LaTeX Info: Redefining \ref on input line 8.
LaTeX Info: Redefining \pageref on input line 8.
LaTeX Info: Redefining \nameref on input line 8.
 (./Rd2.out) (./Rd2.out)
\@outlinefile=\write4
\openout4 = `Rd2.out'.

LaTeX Font Info:    Trying to load font information for OT1+zi4 on input line 2
4.

(c:/Users/xiang/AppData/Roaming/TinyTeX/texmf-dist/tex/latex/inconsolata/ot1zi4
.fd
File: ot1zi4.fd 2018/01/14 OT1/zi4 (Inconsolata)
)
LaTeX Font Info:    Font shape `OT1/zi4/m/n' will be
(Font)              scaled to size 10.0pt on input line 24.
LaTeX Font Info:    External font `cmex10' loaded for size
(Font)              <7> on input line 24.
LaTeX Font Info:    External font `cmex10' loaded for size
(Font)              <5> on input line 24.
LaTeX Font Info:    Trying to load font information for OML+zi4 on input line 3
5.
LaTeX Font Info:    No file OMLzi4.fd. on input line 35.


LaTeX Font Warning: Font shape `OML/zi4/m/n' undefined
(Font)              using `OML/cmm/m/it' instead
(Font)              for symbol `textless' on input line 35.

(./Rd2.toc)
\tf@toc=\write5
\openout5 = `Rd2.toc'.


(c:/Users/xiang/AppData/Roaming/TinyTeX/texmf-dist/tex/latex/base/utf8.def
File: utf8.def 2019/11/14 v1.2k UTF-8 support for inputenc
)
[1


{c:/Users/xiang/AppData/Roaming/TinyTeX/texmf-var/fonts/map/pdftex/updmap/pdfte
x.map}]
LaTeX Font Info:    Font shape `OT1/zi4/m/n' will be
(Font)              scaled to size 9.0pt on input line 73.
 [2] [3] [4] [5] (./Rd2.ind [6] [7


])
Package atveryend Info: Empty hook `BeforeClearDocument' on input line 303.
Package atveryend Info: Empty hook `AfterLastShipout' on input line 303.
 (./Rd2.aux)
Package atveryend Info: Executing hook `AtVeryEndDocument' on input line 303.
Package atveryend Info: Executing hook `AtEndAfterFileList' on input line 303.
Package rerunfilecheck Info: File `Rd2.out' has not changed.
(rerunfilecheck)             Checksum: 1FE841FE210347D05D181B7FF7C41BC0;298.


LaTeX Font Warning: Some font shapes were not available, defaults substituted.

Package atveryend Info: Empty hook `AtVeryVeryEnd' on input line 303.
 ) 
Here is how much of TeX's memory you used:
 5478 strings out of 482913
 86199 string characters out of 5957673
 344097 words of memory out of 5000000
 20591 multiletter control sequences out of 15000+600000
 538624 words of font info for 45 fonts, out of 8000000 for 9000
 14 hyphenation exceptions out of 8191
 44i,5n,40p,216b,495s stack positions out of 5000i,500n,10000p,200000b,80000s
{c:/Users/xiang/AppData/Roaming/TinyTeX/texmf-dist/fonts/enc/dvips/inconsolat
a/i4-ot1-0.enc}<c:/Users/xiang/AppData/Roaming/TinyTeX/texmf-dist/fonts/type1/p
ublic/inconsolata/Inconsolata-zi4r.pfb><c:/Users/xiang/AppData/Roaming/TinyTeX/
texmf-dist/fonts/type1/public/amsfonts/cm/cmbx10.pfb><c:/Users/xiang/AppData/Ro
aming/TinyTeX/texmf-dist/fonts/type1/public/amsfonts/cm/cmbx12.pfb><c:/Users/xi
ang/AppData/Roaming/TinyTeX/texmf-dist/fonts/type1/public/amsfonts/cm/cmmi10.pf
b><c:/Users/xiang/AppData/Roaming/TinyTeX/texmf-dist/fonts/type1/public/amsfont
s/cm/cmr10.pfb><c:/Users/xiang/AppData/Roaming/TinyTeX/texmf-dist/fonts/type1/p
ublic/amsfonts/cm/cmr12.pfb><c:/Users/xiang/AppData/Roaming/TinyTeX/texmf-dist/
fonts/type1/public/amsfonts/cm/cmsl10.pfb><c:/Users/xiang/AppData/Roaming/TinyT
eX/texmf-dist/fonts/type1/public/amsfonts/cm/cmss12.pfb><c:/Users/xiang/AppData
/Roaming/TinyTeX/texmf-dist/fonts/type1/public/amsfonts/cm/cmti10.pfb>
Output written on Rd2.pdf (7 pages, 125378 bytes).
PDF statistics:
 157 PDF objects out of 1000 (max. 8388607)
 137 compressed objects within 2 object streams
 46 named destinations out of 1000 (max. 500000)
 49 words of extra memory for PDF output out of 10000 (max. 10000000)

